[2023-03-17T17:44:00.666] [WARN] warnOnly - ruta / método GET no implementada
[2023-03-17T17:44:01.073] [WARN] warnOnly - ruta /favicon.ico método GET no implementada
[2023-03-17T17:44:11.162] [WARN] warnOnly - ruta /login método GET no implementada
[2023-03-17T17:44:16.969] [WARN] warnOnly - ruta /signup método GET no implementada
[2023-03-19T17:41:40.818] [WARN] warnOnly - ruta / método GET no implementada
[2023-03-19T17:41:41.222] [WARN] warnOnly - ruta /favicon.ico método GET no implementada
[2023-03-19T17:53:07.789] [WARN] warnOnly - ruta / método GET no implementada
[2023-03-19T17:53:25.095] [WARN] warnOnly - ruta / método GET no implementada
[2023-03-19T17:53:30.004] [WARN] warnOnly - ruta /login método GET no implementada
[2023-03-19T17:53:34.273] [WARN] warnOnly - ruta /signup método GET no implementada
[2023-03-19T17:53:57.292] [WARN] warnOnly - ruta /login método GET no implementada
[2023-03-19T17:54:23.066] [WARN] warnOnly - ruta /login/page método GET no implementada
[2023-03-19T17:54:27.600] [WARN] warnOnly - ruta /login/pages método GET no implementada
[2023-03-19T17:54:58.561] [WARN] warnOnly - ruta /pages/login.ejs método GET no implementada
[2023-03-19T17:55:02.295] [WARN] warnOnly - ruta /pages/login método GET no implementada
[2023-03-19T17:55:32.101] [WARN] warnOnly - ruta /signup método GET no implementada
[2023-03-19T18:02:48.774] [WARN] warnOnly - ruta /mp método GET no implementada
[2023-03-19T18:28:54.305] [WARN] warnOnly - ruta / método GET no implementada
[2023-03-19T18:29:33.157] [WARN] warnOnly - ruta / método GET no implementada
[2023-03-19T18:57:15.828] [WARN] warnOnly - ruta / método GET no implementada
[2023-03-19T19:26:23.512] [WARN] warnOnly - ruta /info método GET no implementada
[2023-03-19T19:32:02.762] [WARN] warnOnly - ruta / método GET no implementada
